# JRE version: Java(TM) SE Runtime Environment (22.0.2+9) (build 22.0.2+9-70)
# Java VM: Java HotSpot(TM) 64-Bit Server VM (22.0.2+9-70, mixed mode, sharing, tiered, compressed oops, compressed class ptrs, g1 gc, windows-amd64)
GC Precious Log:
 CardTable entry size: 512
 Card Set container configuration: InlinePtr #cards 4 size 8 Array Of Cards #cards 16 size 48 Howl #buckets 8 coarsen threshold 3686 Howl Bitmap #cards 512 size 80 coarsen threshold 460 Card regions per heap region 1 cards per card region 4096
 CPUs: 8 total, 8 available
 Memory: 16112M
 Large Page Support: Disabled
 NUMA Support: Disabled
 Compressed Oops: Enabled (Zero based)
 Heap Region Size: 2M
 Heap Min Capacity: 8M
 Heap Initial Capacity: 8M
 Heap Max Capacity: 4030M
 Pre-touch: Disabled
 Parallel Workers: 8
 Concurrent Workers: 2
 Concurrent Refinement Workers: 8
 Periodic GC: Disabled
Heap:
 garbage-first heap   total reserved 4126720K, committed 286720K, used 129999K [0x0000000704200000, 0x0000000800000000)
  region size 2048K, 8 young (16384K), 8 survivors (16384K)
 Metaspace       used 7340K, committed 7680K, reserved 1114112K
  class space    used 876K, committed 1024K, reserved 1048576K
GC Heap History (20 events):
Event: 4.426 GC heap after
{Heap after GC invocations=42 (full 0):
 garbage-first heap   total reserved 4126720K, committed 188416K, used 69131K [0x0000000704200000, 0x0000000800000000)
  region size 2048K, 5 young (10240K), 5 survivors (10240K)
 Metaspace       used 7340K, committed 7680K, reserved 1114112K
  class space    used 876K, committed 1024K, reserved 1048576K
}
Event: 4.533 GC heap before
{Heap before GC invocations=42 (full 0):
 garbage-first heap   total reserved 4126720K, committed 188416K, used 163339K [0x0000000704200000, 0x0000000800000000)
  region size 2048K, 51 young (104448K), 5 survivors (10240K)
 Metaspace       used 7340K, committed 7680K, reserved 1114112K
  class space    used 876K, committed 1024K, reserved 1048576K
}
Event: 4.536 GC heap after
{Heap after GC invocations=43 (full 0):
 garbage-first heap   total reserved 4126720K, committed 188416K, used 73180K [0x0000000704200000, 0x0000000800000000)
  region size 2048K, 4 young (8192K), 4 survivors (8192K)
 Metaspace       used 7340K, committed 7680K, reserved 1114112K
  class space    used 876K, committed 1024K, reserved 1048576K
}
Event: 4.626 GC heap before
{Heap before GC invocations=43 (full 0):
 garbage-first heap   total reserved 4126720K, committed 188416K, used 167388K [0x0000000704200000, 0x0000000800000000)
  region size 2048K, 50 young (102400K), 4 survivors (8192K)
 Metaspace       used 7340K, committed 7680K, reserved 1114112K
  class space    used 876K, committed 1024K, reserved 1048576K
}
Event: 4.630 GC heap after
{Heap after GC invocations=44 (full 0):
 garbage-first heap   total reserved 4126720K, committed 227328K, used 75948K [0x0000000704200000, 0x0000000800000000)
  region size 2048K, 6 young (12288K), 6 survivors (12288K)
 Metaspace       used 7340K, committed 7680K, reserved 1114112K
  class space    used 876K, committed 1024K, reserved 1048576K
}
Event: 4.770 GC heap before
{Heap before GC invocations=44 (full 0):
 garbage-first heap   total reserved 4126720K, committed 227328K, used 198828K [0x0000000704200000, 0x0000000800000000)
  region size 2048K, 66 young (135168K), 6 survivors (12288K)
 Metaspace       used 7340K, committed 7680K, reserved 1114112K
  class space    used 876K, committed 1024K, reserved 1048576K
}
Event: 4.774 GC heap after
{Heap after GC invocations=45 (full 0):
 garbage-first heap   total reserved 4126720K, committed 227328K, used 81701K [0x0000000704200000, 0x0000000800000000)
  region size 2048K, 7 young (14336K), 7 survivors (14336K)
 Metaspace       used 7340K, committed 7680K, reserved 1114112K
  class space    used 876K, committed 1024K, reserved 1048576K
}
Event: 4.888 GC heap before
{Heap before GC invocations=45 (full 0):
 garbage-first heap   total reserved 4126720K, committed 227328K, used 196389K [0x0000000704200000, 0x0000000800000000)
  region size 2048K, 63 young (129024K), 7 survivors (14336K)
 Metaspace       used 7340K, committed 7680K, reserved 1114112K
  class space    used 876K, committed 1024K, reserved 1048576K
}
Event: 4.893 GC heap after
{Heap after GC invocations=46 (full 0):
 garbage-first heap   total reserved 4126720K, committed 227328K, used 87750K [0x0000000704200000, 0x0000000800000000)
  region size 2048K, 6 young (12288K), 6 survivors (12288K)
 Metaspace       used 7340K, committed 7680K, reserved 1114112K
  class space    used 876K, committed 1024K, reserved 1048576K
}
Event: 5.003 GC heap before
{Heap before GC invocations=46 (full 0):
 garbage-first heap   total reserved 4126720K, committed 227328K, used 198342K [0x0000000704200000, 0x0000000800000000)
  region size 2048K, 60 young (122880K), 6 survivors (12288K)
 Metaspace       used 7340K, committed 7680K, reserved 1114112K
  class space    used 876K, committed 1024K, reserved 1048576K
}
Event: 5.006 GC heap after
{Heap after GC invocations=47 (full 0):
 garbage-first heap   total reserved 4126720K, committed 227328K, used 92812K [0x0000000704200000, 0x0000000800000000)
  region size 2048K, 6 young (12288K), 6 survivors (12288K)
 Metaspace       used 7340K, committed 7680K, reserved 1114112K
  class space    used 876K, committed 1024K, reserved 1048576K
}
Event: 5.097 GC heap before
{Heap before GC invocations=47 (full 0):
 garbage-first heap   total reserved 4126720K, committed 227328K, used 199308K [0x0000000704200000, 0x0000000800000000)
  region size 2048K, 58 young (118784K), 6 survivors (12288K)
 Metaspace       used 7340K, committed 7680K, reserved 1114112K
  class space    used 876K, committed 1024K, reserved 1048576K
}
Event: 5.170 GC heap after
{Heap after GC invocations=48 (full 0):
 garbage-first heap   total reserved 4126720K, committed 286720K, used 97429K [0x0000000704200000, 0x0000000800000000)
  region size 2048K, 5 young (10240K), 5 survivors (10240K)
 Metaspace       used 7340K, committed 7680K, reserved 1114112K
  class space    used 876K, committed 1024K, reserved 1048576K
}
Event: 5.297 GC heap before
{Heap before GC invocations=48 (full 0):
 garbage-first heap   total reserved 4126720K, committed 286720K, used 259221K [0x0000000704200000, 0x0000000800000000)
  region size 2048K, 84 young (172032K), 5 survivors (10240K)
 Metaspace       used 7340K, committed 7680K, reserved 1114112K
  class space    used 876K, committed 1024K, reserved 1048576K
}
Event: 5.301 GC heap after
{Heap after GC invocations=49 (full 0):
 garbage-first heap   total reserved 4126720K, committed 286720K, used 106940K [0x0000000704200000, 0x0000000800000000)
  region size 2048K, 10 young (20480K), 10 survivors (20480K)
 Metaspace       used 7340K, committed 7680K, reserved 1114112K
  class space    used 876K, committed 1024K, reserved 1048576K
}
Event: 5.413 GC heap before
{Heap before GC invocations=49 (full 0):
 garbage-first heap   total reserved 4126720K, committed 286720K, used 250300K [0x0000000704200000, 0x0000000800000000)
  region size 2048K, 80 young (163840K), 10 survivors (20480K)
 Metaspace       used 7340K, committed 7680K, reserved 1114112K
  class space    used 876K, committed 1024K, reserved 1048576K
}
Event: 5.418 GC heap after
{Heap after GC invocations=50 (full 0):
 garbage-first heap   total reserved 4126720K, committed 286720K, used 115189K [0x0000000704200000, 0x0000000800000000)
  region size 2048K, 9 young (18432K), 9 survivors (18432K)
 Metaspace       used 7340K, committed 7680K, reserved 1114112K
  class space    used 876K, committed 1024K, reserved 1048576K
}
Event: 5.515 GC heap before
{Heap before GC invocations=50 (full 0):
 garbage-first heap   total reserved 4126720K, committed 286720K, used 252405K [0x0000000704200000, 0x0000000800000000)
  region size 2048K, 76 young (155648K), 9 survivors (18432K)
 Metaspace       used 7340K, committed 7680K, reserved 1114112K
  class space    used 876K, committed 1024K, reserved 1048576K
}
Event: 5.519 GC heap after
{Heap after GC invocations=51 (full 0):
 garbage-first heap   total reserved 4126720K, committed 286720K, used 122149K [0x0000000704200000, 0x0000000800000000)
  region size 2048K, 8 young (16384K), 8 survivors (16384K)
 Metaspace       used 7340K, committed 7680K, reserved 1114112K
  class space    used 876K, committed 1024K, reserved 1048576K
}
Event: 5.610 GC heap before
{Heap before GC invocations=51 (full 0):
 garbage-first heap   total reserved 4126720K, committed 286720K, used 253221K [0x0000000704200000, 0x0000000800000000)
  region size 2048K, 72 young (147456K), 8 survivors (16384K)
 Metaspace       used 7340K, committed 7680K, reserved 1114112K
  class space    used 876K, committed 1024K, reserved 1048576K
}

